[debug] [2025-06-28T13:10:24.536Z] ----------------------------------------------------------------------
[debug] [2025-06-28T13:10:24.537Z] Command:       /Users/nettomello/.nvm/versions/node/v22.14.0/bin/node /Users/nettomello/.nvm/versions/node/v22.14.0/bin/firebase login:ci --no-localhost
[debug] [2025-06-28T13:10:24.537Z] CLI Version:   14.9.0
[debug] [2025-06-28T13:10:24.537Z] Platform:      darwin
[debug] [2025-06-28T13:10:24.537Z] Node Version:  v22.14.0
[debug] [2025-06-28T13:10:24.538Z] Time:          Sat Jun 28 2025 10:10:24 GMT-0300 (Brasilia Standard Time)
[debug] [2025-06-28T13:10:24.538Z] ----------------------------------------------------------------------
[debug] 
[warn] ⚠  Authenticating with a `login:ci` token is deprecated and will be removed in a future major version of `firebase-tools`. Instead, use a service account key with `GOOGLE_APPLICATION_CREDENTIALS`: https://cloud.google.com/docs/authentication/getting-started 
[debug] [2025-06-28T13:10:24.629Z] >>> [apiv2][query] POST https://auth.firebase.tools/attest [none]
[debug] [2025-06-28T13:10:24.629Z] >>> [apiv2][body] POST https://auth.firebase.tools/attest {"session_id":"abba2412-3d82-4dce-8733-799bd7752b8c"}
[debug] [2025-06-28T13:10:25.783Z] <<< [apiv2][status] POST https://auth.firebase.tools/attest 200
[debug] [2025-06-28T13:10:25.784Z] <<< [apiv2][body] POST https://auth.firebase.tools/attest {"token":"V2BSooQzicMQr58AoO7Cgm2c424-mkjTfmJ3QTi4-uM"}
[info] 
[info] To sign in to the Firebase CLI:
[info] 
[info] 1. Take note of your session ID:
[info] 
[info]    ABBA2
[info] 
[info] 2. Visit the URL below on any device and follow the instructions to get your code:
[info] 
[info]    https://auth.firebase.tools/login?code_challenge=lQsnAoElmY2OswwjYtz2BKmw7S1LuEfPHhMo9UANyHE&session=abba2412-3d82-4dce-8733-799bd7752b8c&attest=V2BSooQzicMQr58AoO7Cgm2c424-mkjTfmJ3QTi4-uM
[info] 
[info] 3. Paste or enter the authorization code below once you have it:
[info] 
[debug] [2025-06-28T13:28:12.899Z] Error: read EIO
    at TTY.onStreamRead (node:internal/stream_base_commons:216:20)
    at TTY.callbackTrampoline (node:internal/async_hooks:130:17)
