[debug] [2025-06-30T13:58:57.156Z] ----------------------------------------------------------------------
[debug] [2025-06-30T13:58:57.158Z] Command:       /Users/nettomello/.nvm/versions/node/v22.14.0/bin/node /Users/nettomello/.nvm/versions/node/v22.14.0/bin/firebase deploy --only hosting
[debug] [2025-06-30T13:58:57.158Z] CLI Version:   14.9.0
[debug] [2025-06-30T13:58:57.158Z] Platform:      darwin
[debug] [2025-06-30T13:58:57.158Z] Node Version:  v22.14.0
[debug] [2025-06-30T13:58:57.158Z] Time:          Mon Jun 30 2025 10:58:57 GMT-0300 (Brasilia Standard Time)
[debug] [2025-06-30T13:58:57.158Z] ----------------------------------------------------------------------
[debug] 
[debug] [2025-06-30T13:58:57.240Z] > command requires scopes: ["email","openid","https://www.googleapis.com/auth/cloudplatformprojects.readonly","https://www.googleapis.com/auth/firebase","https://www.googleapis.com/auth/cloud-platform"]
[debug] [2025-06-30T13:58:57.241Z] > authorizing via signed-in user (helenbrandao.mkt@gmail.com)
[debug] [2025-06-30T13:58:57.241Z] [iam] checking project interbox-app-8d400 for permissions ["firebase.projects.get","firebasehosting.sites.update"]
[debug] [2025-06-30T13:58:57.241Z] Checked if tokens are valid: true, expires at: 1751294869194
[debug] [2025-06-30T13:58:57.241Z] Checked if tokens are valid: true, expires at: 1751294869194
[debug] [2025-06-30T13:58:57.241Z] >>> [apiv2][query] POST https://cloudresourcemanager.googleapis.com/v1/projects/interbox-app-8d400:testIamPermissions [none]
[debug] [2025-06-30T13:58:57.241Z] >>> [apiv2][(partial)header] POST https://cloudresourcemanager.googleapis.com/v1/projects/interbox-app-8d400:testIamPermissions x-goog-quota-user=projects/interbox-app-8d400
[debug] [2025-06-30T13:58:57.241Z] >>> [apiv2][body] POST https://cloudresourcemanager.googleapis.com/v1/projects/interbox-app-8d400:testIamPermissions {"permissions":["firebase.projects.get","firebasehosting.sites.update"]}
[debug] [2025-06-30T13:58:58.227Z] <<< [apiv2][status] POST https://cloudresourcemanager.googleapis.com/v1/projects/interbox-app-8d400:testIamPermissions 200
[debug] [2025-06-30T13:58:58.227Z] <<< [apiv2][body] POST https://cloudresourcemanager.googleapis.com/v1/projects/interbox-app-8d400:testIamPermissions {}
[debug] [2025-06-30T13:58:58.227Z] [iam] error while checking permissions, command may fail: Authorization failed. This account is missing the following required permissions on project interbox-app-8d400:

  firebase.projects.get
  firebasehosting.sites.update
[debug] [2025-06-30T13:58:58.228Z] Checked if tokens are valid: true, expires at: 1751294869194
[debug] [2025-06-30T13:58:58.228Z] Checked if tokens are valid: true, expires at: 1751294869194
[debug] [2025-06-30T13:58:58.228Z] >>> [apiv2][query] GET https://firebase.googleapis.com/v1beta1/projects/interbox-app-8d400 [none]
[debug] [2025-06-30T13:58:58.738Z] <<< [apiv2][status] GET https://firebase.googleapis.com/v1beta1/projects/interbox-app-8d400 403
[debug] [2025-06-30T13:58:58.738Z] <<< [apiv2][body] GET https://firebase.googleapis.com/v1beta1/projects/interbox-app-8d400 {"error":{"code":403,"message":"The caller does not have permission","status":"PERMISSION_DENIED"}}
[debug] [2025-06-30T13:58:58.738Z] Request to https://firebase.googleapis.com/v1beta1/projects/interbox-app-8d400 had HTTP Error: 403, The caller does not have permission
[debug] [2025-06-30T13:58:58.930Z] FirebaseError: Request to https://firebase.googleapis.com/v1beta1/projects/interbox-app-8d400 had HTTP Error: 403, The caller does not have permission
    at responseToError (/Users/nettomello/.nvm/versions/node/v22.14.0/lib/node_modules/firebase-tools/lib/responseToError.js:52:12)
    at RetryOperation._fn (/Users/nettomello/.nvm/versions/node/v22.14.0/lib/node_modules/firebase-tools/lib/apiv2.js:312:77)
    at process.processTicksAndRejections (node:internal/process/task_queues:105:5)
[error] 
[error] Error: Failed to get Firebase project interbox-app-8d400. Please make sure the project exists and your account has permission to access it.
